#
# There is insufficient memory for the Java Runtime Environment to continue.
# Native memory allocation (malloc) failed to allocate 1048576 bytes for AllocateHeap
# Possible reasons:
#   The system is out of physical RAM or swap space
#   The process is running with CompressedOops enabled, and the Java Heap may be blocking the growth of the native heap
# Possible solutions:
#   Reduce memory load on the system
#   Increase physical memory or swap space
#   Check if swap backing store is full
#   Decrease Java heap size (-Xmx/-Xms)
#   Decrease number of Java threads
#   Decrease Java thread stack sizes (-Xss)
#   Set larger code cache with -XX:ReservedCodeCacheSize=
#   JVM is running with Unscaled Compressed Oops mode in which the Java heap is
#     placed in the first 4GB address space. The Java Heap base address is the
#     maximum limit for the native heap growth. Please use -XX:HeapBaseMinAddress
#     to set the Java Heap base and to place the Java Heap above 4GB virtual address.
# This output file may be truncated or incomplete.
#
#  Out of Memory Error (t:/workspace/open/src/hotspot/share/memory/allocation.cpp:45), pid=3608, tid=1724
#
# JRE version: Java(TM) SE Runtime Environment (13.0+33) (build 13+33)
# Java VM: Java HotSpot(TM) 64-Bit Server VM (13+33, mixed mode, tiered, compressed oops, g1 gc, windows-amd64)
# No core dump will be written. Minidumps are not enabled by default on client versions of Windows
#

---------------  S U M M A R Y ------------

Command Line: -Dfile.encoding=Cp1252 WelcomeInterface

Host: Intel(R) Atom(TM) x5-Z8350  CPU @ 1.44GHz, 4 cores, 1G,  Windows 10 , 64 bit Build 14393 (10.0.14393.2189)
Time: Wed Oct 23 05:45:45 2019 Afr. centrale Ouest elapsed time: 0 seconds (0d 0h 0m 0s)

---------------  T H R E A D  ---------------

Current thread (0x0000021726a25800):  VMThread "VM Thread" [stack: 0x000000198e800000,0x000000198e900000] [id=1724]

Stack: [0x000000198e800000,0x000000198e900000]
[error occurred during error reporting (printing stack bounds), id 0xc0000005, EXCEPTION_ACCESS_VIOLATION (0xc0000005) at pc=0x00000217130110bd]

Native frames: (J=compiled Java code, j=interpreted, Vv=VM code, C=native code)
V  [jvm.dll+0x626eaa]
V  [jvm.dll+0x772c4a]
V  [jvm.dll+0x7743ff]
V  [jvm.dll+0x774965]
V  [jvm.dll+0x77491b]
V  [jvm.dll+0x6266df]
C  [ntdll.dll+0x6c810]
C  [ntdll.dll+0x4962b]
C  [ntdll.dll+0xa9c8a]
C  0x00000217130110bd

VM_Operation (0x000000198e2fc170): CollectForMetadataAllocation, mode: safepoint, requested by thread 0x000002170935d000


---------------  P R O C E S S  ---------------

Threads class SMR info:
_java_thread_list=0x0000021727188660, length=10, elements={
0x000002170935d000, 0x0000021726a6f800, 0x0000021726a78800, 0x0000021726ab1800,
0x0000021726ab3800, 0x0000021726abd800, 0x0000021726ac6000, 0x0000021726acb000,
0x0000021727175000, 0x000002172718b000
}

Java Threads: ( => current thread )
  0x000002170935d000 JavaThread "main" [_thread_blocked, id=3488, stack(0x000000198e200000,0x000000198e300000)]
  0x0000021726a6f800 JavaThread "Reference Handler" daemon [_thread_blocked, id=6720, stack(0x000000198e900000,0x000000198ea00000)]
  0x0000021726a78800 JavaThread "Finalizer" daemon [_thread_blocked, id=1348, stack(0x000000198ea00000,0x000000198eb00000)]
  0x0000021726ab1800 JavaThread "Signal Dispatcher" daemon [_thread_blocked, id=7028, stack(0x000000198eb00000,0x000000198ec00000)]
  0x0000021726ab3800 JavaThread "Attach Listener" daemon [_thread_blocked, id=5432, stack(0x000000198ec00000,0x000000198ed00000)]
  0x0000021726abd800 JavaThread "C2 CompilerThread0" daemon [_thread_blocked, id=6500, stack(0x000000198ed00000,0x000000198ee00000)]
  0x0000021726ac6000 JavaThread "C1 CompilerThread0" daemon [_thread_blocked, id=6792, stack(0x000000198ee00000,0x000000198ef00000)]
  0x0000021726acb000 JavaThread "Sweeper thread" daemon [_thread_blocked, id=5704, stack(0x000000198ef00000,0x000000198f000000)]
  0x0000021727175000 JavaThread "Service Thread" daemon [_thread_blocked, id=6408, stack(0x000000198f000000,0x000000198f100000)]
  0x000002172718b000 JavaThread "Common-Cleaner" daemon [_thread_blocked, id=3900, stack(0x000000198f200000,0x000000198f300000)]

Other Threads:
=>0x0000021726a25800 VMThread "VM Thread" [stack: 0x000000198e800000,0x000000198e900000] [id=1724]
  0x000002172717d000 WatcherThread [stack: 0x000000198f100000,0x000000198f200000] [id=4112]
  0x00000217093a9800 GCTaskThread "GC Thread#0" [stack: 0x000000198e300000,0x000000198e400000] [id=5620]
  0x00000217271a7000 GCTaskThread "GC Thread#1" [stack: 0x000000198f300000,0x000000198f400000] [id=1444]
  0x00000217093af800 ConcurrentGCThread "G1 Main Marker" [stack: 0x000000198e400000,0x000000198e500000] [id=6184]
  0x00000217093b1000 ConcurrentGCThread "G1 Conc#0" [stack: 0x000000198e500000,0x000000198e600000] [id=6520]
  0x00000217093f4000 ConcurrentGCThread "G1 Refine#0" [stack: 0x000000198e600000,0x000000198e700000] [id=2376]
  0x00000217093f6000 ConcurrentGCThread "G1 Young RemSet Sampling" [stack: 0x000000198e700000,0x000000198e800000] [id=316]

Threads with active compile tasks:

VM state:at safepoint (normal execution)

VM Mutex/Monitor currently owned by a thread:  ([mutex/lock_event])
[0x0000021709382d60] Threads_lock - owner thread: 0x0000021726a25800
[0x00000217093842c0] Heap_lock - owner thread: 0x000002170935d000

Heap address: 0x00000000e1200000, size: 494 MB, Compressed Oops mode: 32-bit
Narrow klass base: 0x0000000000000000, Narrow klass shift: 3
Compressed class space size: 1073741824 Address: 0x0000000100000000

Heap:
 garbage-first heap   total 32768K, used 656K [0x00000000e1200000, 0x0000000100000000)
  region size 1024K, 1 young (1024K), 1 survivors (1024K)
 Metaspace       used 5860K, capacity 5925K, committed 6016K, reserved 1081344K
  class space    used 529K, capacity 587K, committed 640K, reserved 1048576K
Heap Regions: E=young(eden), S=young(survivor), O=old, HS=humongous(starts), HC=humongous(continues), CS=collection set, F=free, A=archive, TAMS=top-at-mark-start (previous, next)
|   0|0x00000000e1200000, 0x00000000e1200000, 0x00000000e1300000|  0%| F|  |TAMS 0x00000000e1200000, 0x00000000e1200000| Untracked 
|   1|0x00000000e1300000, 0x00000000e1300000, 0x00000000e1400000|  0%| F|  |TAMS 0x00000000e1300000, 0x00000000e1300000| Untracked 
|   2|0x00000000e1400000, 0x00000000e1400000, 0x00000000e1500000|  0%| F|  |TAMS 0x00000000e1400000, 0x00000000e1400000| Untracked 
|   3|0x00000000e1500000, 0x00000000e1500000, 0x00000000e1600000|  0%| F|  |TAMS 0x00000000e1500000, 0x00000000e1500000| Untracked 
|   4|0x00000000e1600000, 0x00000000e1600000, 0x00000000e1700000|  0%| F|  |TAMS 0x00000000e1600000, 0x00000000e1600000| Untracked 
|   5|0x00000000e1700000, 0x00000000e1700000, 0x00000000e1800000|  0%| F|  |TAMS 0x00000000e1700000, 0x00000000e1700000| Untracked 
|   6|0x00000000e1800000, 0x00000000e1800000, 0x00000000e1900000|  0%| F|  |TAMS 0x00000000e1800000, 0x00000000e1800000| Untracked 
|   7|0x00000000e1900000, 0x00000000e1900000, 0x00000000e1a00000|  0%| F|  |TAMS 0x00000000e1900000, 0x00000000e1900000| Untracked 
|   8|0x00000000e1a00000, 0x00000000e1a00000, 0x00000000e1b00000|  0%| F|  |TAMS 0x00000000e1a00000, 0x00000000e1a00000| Untracked 
|   9|0x00000000e1b00000, 0x00000000e1b00000, 0x00000000e1c00000|  0%| F|  |TAMS 0x00000000e1b00000, 0x00000000e1b00000| Untracked 
|  10|0x00000000e1c00000, 0x00000000e1c00000, 0x00000000e1d00000|  0%| F|  |TAMS 0x00000000e1c00000, 0x00000000e1c00000| Untracked 
|  11|0x00000000e1d00000, 0x00000000e1d00000, 0x00000000e1e00000|  0%| F|  |TAMS 0x00000000e1d00000, 0x00000000e1d00000| Untracked 
|  12|0x00000000e1e00000, 0x00000000e1e00000, 0x00000000e1f00000|  0%| F|  |TAMS 0x00000000e1e00000, 0x00000000e1e00000| Untracked 
|  13|0x00000000e1f00000, 0x00000000e1f00000, 0x00000000e2000000|  0%| F|  |TAMS 0x00000000e1f00000, 0x00000000e1f00000| Untracked 
|  14|0x00000000e2000000, 0x00000000e2000000, 0x00000000e2100000|  0%| F|  |TAMS 0x00000000e2000000, 0x00000000e2000000| Untracked 
|  15|0x00000000e2100000, 0x00000000e2100000, 0x00000000e2200000|  0%| F|  |TAMS 0x00000000e2100000, 0x00000000e2100000| Untracked 
|  16|0x00000000e2200000, 0x00000000e2200000, 0x00000000e2300000|  0%| F|  |TAMS 0x00000000e2200000, 0x00000000e2200000| Untracked 
|  17|0x00000000e2300000, 0x00000000e2300000, 0x00000000e2400000|  0%| F|  |TAMS 0x00000000e2300000, 0x00000000e2300000| Untracked 
|  18|0x00000000e2400000, 0x00000000e2400000, 0x00000000e2500000|  0%| F|  |TAMS 0x00000000e2400000, 0x00000000e2400000| Untracked 
|  19|0x00000000e2500000, 0x00000000e2500000, 0x00000000e2600000|  0%| F|  |TAMS 0x00000000e2500000, 0x00000000e2500000| Untracked 
|  20|0x00000000e2600000, 0x00000000e2600000, 0x00000000e2700000|  0%| F|  |TAMS 0x00000000e2600000, 0x00000000e2600000| Untracked 
|  21|0x00000000e2700000, 0x00000000e2700000, 0x00000000e2800000|  0%| F|  |TAMS 0x00000000e2700000, 0x00000000e2700000| Untracked 
|  22|0x00000000e2800000, 0x00000000e2800000, 0x00000000e2900000|  0%| F|  |TAMS 0x00000000e2800000, 0x00000000e2800000| Untracked 
|  23|0x00000000e2900000, 0x00000000e2900000, 0x00000000e2a00000|  0%| F|  |TAMS 0x00000000e2900000, 0x00000000e2900000| Untracked 
|  24|0x00000000e2a00000, 0x00000000e2a00000, 0x00000000e2b00000|  0%| F|  |TAMS 0x00000000e2a00000, 0x00000000e2a00000| Untracked 
|  25|0x00000000e2b00000, 0x00000000e2b00000, 0x00000000e2c00000|  0%| F|  |TAMS 0x00000000e2b00000, 0x00000000e2b00000| Untracked 
|  26|0x00000000e2c00000, 0x00000000e2c00000, 0x00000000e2d00000|  0%| F|  |TAMS 0x00000000e2c00000, 0x00000000e2c00000| Untracked 
|  27|0x00000000e2d00000, 0x00000000e2d00000, 0x00000000e2e00000|  0%| F|  |TAMS 0x00000000e2d00000, 0x00000000e2d00000| Untracked 
|  28|0x00000000e2e00000, 0x00000000e2e00000, 0x00000000e2f00000|  0%| F|  |TAMS 0x00000000e2e00000, 0x00000000e2e00000| Untracked 
|  29|0x00000000e2f00000, 0x00000000e2fa4060, 0x00000000e3000000| 64%| S|CS|TAMS 0x00000000e2f00000, 0x00000000e2f00000| Complete 
|  30|0x00000000e3000000, 0x00000000e3000000, 0x00000000e3100000|  0%| F|  |TAMS 0x00000000e3000000, 0x00000000e3000000| Untracked 
|  31|0x00000000e3100000, 0x00000000e3100000, 0x00000000e3200000|  0%| F|  |TAMS 0x00000000e3100000, 0x00000000e3100000| Untracked 

Card table byte_map: [0x0000021722b30000,0x0000021722c30000] _byte_map_base: 0x0000021722427000

Marking Bits (Prev, Next): (CMBitMap*) 0x00000217093aa1c8, (CMBitMap*) 0x00000217093aa208
 Prev Bits: [0x0000021722d30000, 0x00000217234e8000)
 Next Bits: [0x00000217234f0000, 0x0000021723ca8000)

Polling page: 0x0000021709230000

Metaspace:

Usage:
  Non-class:      5.21 MB capacity,     5.21 MB (>99%) used,   896 bytes ( <1%) free+waste,     5.69 KB ( <1%) overhead. 
      Class:    587.00 KB capacity,   529.15 KB ( 90%) used,    57.04 KB ( 10%) free+waste,   832 bytes ( <1%) overhead. 
       Both:      5.79 MB capacity,     5.72 MB ( 99%) used,    57.91 KB ( <1%) free+waste,     6.50 KB ( <1%) overhead. 

Virtual space:
  Non-class space:       32.00 MB reserved,       5.25 MB ( 16%) committed 
      Class space:        1.00 GB reserved,     640.00 KB ( <1%) committed 
             Both:        1.03 GB reserved,       5.88 MB ( <1%) committed 

Chunk freelists:
   Non-Class:  38.00 KB
       Class:  21.00 KB
        Both:  59.00 KB

MaxMetaspaceSize: 17179869184.00 GB
CompressedClassSpaceSize: 1.00 GB

CodeHeap 'non-profiled nmethods': size=120064Kb used=32Kb max_used=32Kb free=120031Kb
 bounds [0x000002171aad0000, 0x000002171ad40000, 0x0000021722010000]
CodeHeap 'profiled nmethods': size=120000Kb used=154Kb max_used=154Kb free=119845Kb
 bounds [0x00000217135a0000, 0x0000021713810000, 0x000002171aad0000]
CodeHeap 'non-nmethods': size=5696Kb used=1091Kb max_used=1103Kb free=4605Kb
 bounds [0x0000021713010000, 0x0000021713280000, 0x00000217135a0000]
 total_blobs=755 nmethods=125 adapters=231
 compilation: enabled
              stopped_count=0, restarted_count=0
 full_count=0

Compilation events (20 events):
Event: 0.606 Thread 0x0000021726ac6000  116       3       java.lang.ref.Reference::reachabilityFence (1 bytes)
Event: 0.607 Thread 0x0000021726ac6000 nmethod 116 0x00000217135c3510 code [0x00000217135c36a0, 0x00000217135c37d8]
Event: 0.607 Thread 0x0000021726ac6000  117       3       java.nio.Buffer::hasRemaining (17 bytes)
Event: 0.608 Thread 0x0000021726ac6000 nmethod 117 0x00000217135c3890 code [0x00000217135c3a40, 0x00000217135c3bf8]
Event: 0.608 Thread 0x0000021726ac6000  118   !   3       java.nio.DirectByteBuffer::get (28 bytes)
Event: 0.609 Thread 0x0000021726ac6000 nmethod 118 0x00000217135c3c90 code [0x00000217135c3e80, 0x00000217135c42d0]
Event: 0.610 Thread 0x0000021726ac6000  119       3       java.nio.Buffer::nextGetIndex (31 bytes)
Event: 0.610 Thread 0x0000021726ac6000 nmethod 119 0x00000217135c4510 code [0x00000217135c46c0, 0x00000217135c48f0]
Event: 0.610 Thread 0x0000021726ac6000  120       3       java.util.Optional::orElse (16 bytes)
Event: 0.611 Thread 0x0000021726ac6000 nmethod 120 0x00000217135c4990 code [0x00000217135c4b40, 0x00000217135c4cf8]
Event: 0.612 Thread 0x0000021726ac6000  121       1       java.nio.Buffer::limit (5 bytes)
Event: 0.612 Thread 0x0000021726ac6000 nmethod 121 0x000002171aad7d10 code [0x000002171aad7ea0, 0x000002171aad7fb8]
Event: 0.612 Thread 0x0000021726ac6000  122       3       jdk.internal.jimage.ImageStringsReader::unmaskedHashCode (173 bytes)
Event: 0.612 Thread 0x0000021726abd800  123       4       java.lang.String::charAt (25 bytes)
Event: 0.615 Thread 0x0000021726ac6000 nmethod 122 0x00000217135c4d90 code [0x00000217135c4fe0, 0x00000217135c5c00]
Event: 0.615 Thread 0x0000021726ac6000  124       3       java.lang.System::getSecurityManager (12 bytes)
Event: 0.616 Thread 0x0000021726ac6000 nmethod 124 0x00000217135c6110 code [0x00000217135c62c0, 0x00000217135c6498]
Event: 0.616 Thread 0x0000021726abd800 nmethod 123 0x000002171aad8010 code [0x000002171aad81a0, 0x000002171aad8268]
Event: 0.616 Thread 0x0000021726ac6000  125       3       java.lang.System::allowSecurityManager (13 bytes)
Event: 0.616 Thread 0x0000021726ac6000 nmethod 125 0x00000217135c6590 code [0x00000217135c6740, 0x00000217135c6898]

GC Heap History (2 events):
Event: 0.627 GC heap before
{Heap before GC invocations=0 (full 0):
 garbage-first heap   total 32768K, used 1024K [0x00000000e1200000, 0x0000000100000000)
  region size 1024K, 2 young (2048K), 0 survivors (0K)
 Metaspace       used 5860K, capacity 5925K, committed 6016K, reserved 1079296K
  class space    used 529K, capacity 587K, committed 640K, reserved 1048576K
}
Event: 0.633 GC heap after
{Heap after GC invocations=1 (full 0):
 garbage-first heap   total 32768K, used 656K [0x00000000e1200000, 0x0000000100000000)
  region size 1024K, 1 young (1024K), 1 survivors (1024K)
 Metaspace       used 5860K, capacity 5925K, committed 6016K, reserved 1079296K
  class space    used 529K, capacity 587K, committed 640K, reserved 1048576K
}

Deoptimization events (4 events):
Event: 0.351 Thread 0x000002170935d000 Uncommon trap: trap_request=0xffffff45 fr.pc=0x000002171aad4430 relative=0x0000000000000190
Event: 0.351 Thread 0x000002170935d000 Uncommon trap: reason=unstable_if action=reinterpret pc=0x000002171aad4430 method=java.lang.String.hashCode()I @ 42 c2
Event: 0.351 Thread 0x000002170935d000 DEOPT PACKING pc=0x000002171aad4430 sp=0x000000198e2fddc0
Event: 0.351 Thread 0x000002170935d000 DEOPT UNPACKING pc=0x0000021713059429 sp=0x000000198e2fdd58 mode 2

Classes unloaded (0 events):
No events

Classes redefined (0 events):
No events

Internal exceptions (0 events):
No events

Events (20 events):
Event: 0.622 loading class jdk/internal/logger/LazyLoggers$LazyLoggerWrapper done
Event: 0.622 loading class jdk/internal/logger/LazyLoggers$JdkLazyLogger done
Event: 0.622 loading class jdk/internal/logger/LazyLoggers$LazyLoggerAccessor
Event: 0.622 loading class jdk/internal/logger/LazyLoggers$LoggerAccessor
Event: 0.623 loading class jdk/internal/logger/LazyLoggers$LoggerAccessor done
Event: 0.623 loading class jdk/internal/logger/LazyLoggers$LazyLoggerAccessor done
Event: 0.623 loading class java/awt/Component$AWTTreeLock
Event: 0.623 loading class java/awt/Component$AWTTreeLock done
Event: 0.623 loading class java/awt/Toolkit
Event: 0.624 loading class java/awt/Toolkit done
Event: 0.624 loading class java/awt/Toolkit$3
Event: 0.624 loading class sun/awt/AWTAccessor$ToolkitAccessor
Event: 0.624 loading class sun/awt/AWTAccessor$ToolkitAccessor done
Event: 0.625 loading class java/awt/Toolkit$3 done
Event: 0.625 loading class sun/awt/AWTAccessor
Event: 0.625 loading class sun/awt/AWTAccessor done
Event: 0.625 loading class java/awt/Toolkit$4
Event: 0.625 loading class java/awt/Toolkit$4 done
Event: 0.626 loading class java/util/ResourceBundle
Event: 0.626 Executing VM operation: CollectForMetadataAllocation


Dynamic libraries:
0x00007ff7e5450000 - 0x00007ff7e545f000 	C:\Program Files\Java\jdk-13\bin\javaw.exe
0x00007ff8ca600000 - 0x00007ff8ca7d2000 	C:\WINDOWS\SYSTEM32\ntdll.dll
0x00007ff8ca140000 - 0x00007ff8ca1ec000 	C:\WINDOWS\System32\KERNEL32.DLL
0x00007ff8c7970000 - 0x00007ff8c7b8d000 	C:\WINDOWS\System32\KERNELBASE.dll
0x00007ff8c7350000 - 0x00007ff8c7445000 	C:\WINDOWS\System32\ucrtbase.dll
0x00007ff8c5070000 - 0x00007ff8c5088000 	C:\Program Files\Java\jdk-13\bin\jli.dll
0x00007ff8c96d0000 - 0x00007ff8c9772000 	C:\WINDOWS\System32\ADVAPI32.dll
0x00007ff8c1550000 - 0x00007ff8c1565000 	C:\Program Files\Java\jdk-13\bin\VCRUNTIME140.dll
0x00007ff8ca0a0000 - 0x00007ff8ca13e000 	C:\WINDOWS\System32\msvcrt.dll
0x00007ff8c7c00000 - 0x00007ff8c7c59000 	C:\WINDOWS\System32\sechost.dll
0x00007ff8ca410000 - 0x00007ff8ca531000 	C:\WINDOWS\System32\RPCRT4.dll
0x00007ff8c9790000 - 0x00007ff8c98f5000 	C:\WINDOWS\System32\USER32.dll
0x00007ff8c71e0000 - 0x00007ff8c71fe000 	C:\WINDOWS\System32\win32u.dll
0x00007ff8c94b0000 - 0x00007ff8c94e4000 	C:\WINDOWS\System32\GDI32.dll
0x00007ff8c7570000 - 0x00007ff8c76f0000 	C:\WINDOWS\System32\gdi32full.dll
0x00007ff8bc1f0000 - 0x00007ff8bc46a000 	C:\WINDOWS\WinSxS\amd64_microsoft.windows.common-controls_6595b64144ccf1df_6.0.14393.953_none_42151e83c686086b\COMCTL32.dll
0x00007ff8c7cc0000 - 0x00007ff8c7f88000 	C:\WINDOWS\System32\combase.dll
0x00007ff8c74b0000 - 0x00007ff8c751a000 	C:\WINDOWS\System32\bcryptPrimitives.dll
0x00007ff8b8720000 - 0x00007ff8b872a000 	C:\WINDOWS\SYSTEM32\VERSION.dll
0x00007ff8c94f0000 - 0x00007ff8c951e000 	C:\WINDOWS\System32\IMM32.DLL
0x00007ff8bbd40000 - 0x00007ff8bbddb000 	C:\Program Files\Java\jdk-13\bin\msvcp140.dll
0x00007ff8a4ef0000 - 0x00007ff8a5a56000 	C:\Program Files\Java\jdk-13\bin\server\jvm.dll
0x00007ff8c7f90000 - 0x00007ff8c7f98000 	C:\WINDOWS\System32\PSAPI.DLL
0x00007ff8c5000000 - 0x00007ff8c5023000 	C:\WINDOWS\SYSTEM32\WINMM.dll
0x00007ff8c3600000 - 0x00007ff8c3609000 	C:\WINDOWS\SYSTEM32\WSOCK32.dll
0x00007ff8c9aa0000 - 0x00007ff8c9b0a000 	C:\WINDOWS\System32\WS2_32.dll
0x00007ff8c4e90000 - 0x00007ff8c4ebb000 	C:\WINDOWS\SYSTEM32\WINMMBASE.dll
0x00007ff8c7520000 - 0x00007ff8c7562000 	C:\WINDOWS\System32\cfgmgr32.dll
0x00007ff8c6a90000 - 0x00007ff8c6a9f000 	C:\WINDOWS\System32\kernel.appcore.dll
0x00007ff8c1540000 - 0x00007ff8c1550000 	C:\Program Files\Java\jdk-13\bin\verify.dll
0x00007ff8c3320000 - 0x00007ff8c34b2000 	C:\WINDOWS\SYSTEM32\DBGHELP.DLL
0x00007ff8b7630000 - 0x00007ff8b7659000 	C:\WINDOWS\SYSTEM32\dbgcore.DLL
0x00007ff8c1510000 - 0x00007ff8c1536000 	C:\Program Files\Java\jdk-13\bin\java.dll
0x00007ff8bf2e0000 - 0x00007ff8bf2f7000 	C:\Program Files\Java\jdk-13\bin\zip.dll
0x00007ff8bf580000 - 0x00007ff8bf58a000 	C:\Program Files\Java\jdk-13\bin\jimage.dll
0x00007ff8c7fa0000 - 0x00007ff8c94a9000 	C:\WINDOWS\System32\SHELL32.dll
0x00007ff8c6b00000 - 0x00007ff8c71d9000 	C:\WINDOWS\System32\windows.storage.dll
0x00007ff8c6aa0000 - 0x00007ff8c6aec000 	C:\WINDOWS\System32\powrprof.dll
0x00007ff8c9520000 - 0x00007ff8c9572000 	C:\WINDOWS\System32\shlwapi.dll
0x00007ff8c7200000 - 0x00007ff8c72a9000 	C:\WINDOWS\System32\shcore.dll
0x00007ff8c6a70000 - 0x00007ff8c6a84000 	C:\WINDOWS\System32\profapi.dll

dbghelp: loaded successfully - version: 4.0.5 - missing functions: none
symbol engine: initialized successfully - sym options: 0x614 - pdb path: .;C:\Program Files\Java\jdk-13\bin;C:\WINDOWS\SYSTEM32;C:\WINDOWS\WinSxS\amd64_microsoft.windows.common-controls_6595b64144ccf1df_6.0.14393.953_none_42151e83c686086b;C:\Program Files\Java\jdk-13\bin\server

VM Arguments:
jvm_args: -Dfile.encoding=Cp1252 
java_command: WelcomeInterface
java_class_path (initial): C:\Users\Lionnel MOFFO\Documents\ProjetsJava\BankAccountsManagementSystem\Logiciel\bin
Launcher Type: SUN_STANDARD

[Global flags]
     intx CICompilerCount                          = 3                                         {product} {ergonomic}
     uint ConcGCThreads                            = 1                                         {product} {ergonomic}
     uint G1ConcRefinementThreads                  = 4                                         {product} {ergonomic}
   size_t G1HeapRegionSize                         = 1048576                                   {product} {ergonomic}
    uintx GCDrainStackTargetSize                   = 64                                        {product} {ergonomic}
   size_t InitialHeapSize                          = 33554432                                  {product} {ergonomic}
   size_t MarkStackSize                            = 4194304                                   {product} {ergonomic}
   size_t MaxHeapSize                              = 517996544                                 {product} {ergonomic}
   size_t MaxNewSize                               = 310378496                                 {product} {ergonomic}
   size_t MinHeapDeltaBytes                        = 1048576                                   {product} {ergonomic}
   size_t MinHeapSize                              = 8388608                                   {product} {ergonomic}
    uintx NonNMethodCodeHeapSize                   = 5830732                                {pd product} {ergonomic}
    uintx NonProfiledCodeHeapSize                  = 122913754                              {pd product} {ergonomic}
    uintx ProfiledCodeHeapSize                     = 122913754                              {pd product} {ergonomic}
    uintx ReservedCodeCacheSize                    = 251658240                              {pd product} {ergonomic}
     bool SegmentedCodeCache                       = true                                      {product} {ergonomic}
   size_t SoftMaxHeapSize                          = 517996544                              {manageable} {ergonomic}
     bool UseCompressedClassPointers               = true                                 {lp64_product} {ergonomic}
     bool UseCompressedOops                        = true                                 {lp64_product} {ergonomic}
     bool UseG1GC                                  = true                                      {product} {ergonomic}
     bool UseLargePagesIndividualAllocation        = false                                  {pd product} {ergonomic}

Logging:
Log output configuration:
 #0: stdout all=warning uptime,level,tags
 #1: stderr all=off uptime,level,tags

Environment Variables:
PATH=C:/Program Files/Java/jdk-13/bin/server;C:/Program Files/Java/jdk-13/bin;C:\Program Files (x86)\Common Files\Oracle\Java\javapath;C:\ProgramData\Oracle\Java\javapath;C:\WINDOWS\system32;C:\WINDOWS;C:\Program Files\Java\jdk-13\bin;C:\WINDOWS\System32\Wbem;C:\WINDOWS\System32\WindowsPowerShell\v1.0\;C:\Program Files (x86)\CodeBlocks\MinGW\bin;C:\Program Files\Git\cmd;C:\Program Files\Java\jdk-13\bin;C:\Program Files (x86)\Java\jre1.8.0_51\bin;C:\Program Files (x86)\CodeBlocks\MinGW\bin;C:\Users\Lionnel MOFFO\eclipse\java-2019-094\eclipse;
USERNAME=Lionnel MOFFO
OS=Windows_NT
PROCESSOR_IDENTIFIER=Intel64 Family 6 Model 76 Stepping 4, GenuineIntel



---------------  S Y S T E M  ---------------

OS: Windows 10 , 64 bit Build 14393 (10.0.14393.2189)

CPU:total 4 (initial active 4) (4 cores per cpu, 1 threads per core) family 6 model 76 stepping 4, cmov, cx8, fxsr, mmx, sse, sse2, sse3, ssse3, sse4.1, sse4.2, popcnt, aes, clmul, erms, 3dnowpref, tsc, tscinvbit

Memory: 4k page, system-wide physical 1972M (376M free)
TotalPageFile size 4966M (AvailPageFile size 0M)
current process WorkingSet (physical memory assigned to process): 29M, peak: 29M
current process commit charge ("private bytes"): 96M, peak: 97M

vm_info: Java HotSpot(TM) 64-Bit Server VM (13+33) for windows-amd64 JRE (13+33), built on Sep 18 2019 21:38:00 by "mach5one" with unknown MS VC++:1916

END.
