#
# There is insufficient memory for the Java Runtime Environment to continue.
# Native memory allocation (malloc) failed to allocate 32744 bytes for ChunkPool::allocate
# Possible reasons:
#   The system is out of physical RAM or swap space
#   The process is running with CompressedOops enabled, and the Java Heap may be blocking the growth of the native heap
# Possible solutions:
#   Reduce memory load on the system
#   Increase physical memory or swap space
#   Check if swap backing store is full
#   Decrease Java heap size (-Xmx/-Xms)
#   Decrease number of Java threads
#   Decrease Java thread stack sizes (-Xss)
#   Set larger code cache with -XX:ReservedCodeCacheSize=
#   JVM is running with Unscaled Compressed Oops mode in which the Java heap is
#     placed in the first 4GB address space. The Java Heap base address is the
#     maximum limit for the native heap growth. Please use -XX:HeapBaseMinAddress
#     to set the Java Heap base and to place the Java Heap above 4GB virtual address.
# This output file may be truncated or incomplete.
#
#  Out of Memory Error (t:/workspace/open/src/hotspot/share/memory/arena.cpp:80), pid=2180, tid=4872
#
# JRE version: Java(TM) SE Runtime Environment (13.0+33) (build 13+33)
# Java VM: Java HotSpot(TM) 64-Bit Server VM (13+33, mixed mode, tiered, compressed oops, g1 gc, windows-amd64)
# No core dump will be written. Minidumps are not enabled by default on client versions of Windows
#

---------------  S U M M A R Y ------------

Command Line: -Dfile.encoding=Cp1252 WelcomeInterface

Host: Intel(R) Atom(TM) x5-Z8350  CPU @ 1.44GHz, 4 cores, 1G,  Windows 10 , 64 bit Build 14393 (10.0.14393.2189)
Time: Tue Oct 22 19:54:03 2019 Afr. centrale Ouest elapsed time: 0 seconds (0d 0h 0m 0s)

---------------  T H R E A D  ---------------

Current thread (0x000001d63c6f7000):  JavaThread "C1 CompilerThread0" daemon [_thread_in_native, id=4872, stack(0x0000006acc400000,0x0000006acc500000)]


Current CompileTask:
C1:    531  125       3       jdk.internal.jimage.ImageStringsReader::unmaskedHashCode (173 bytes)

Stack: [0x0000006acc400000,0x0000006acc500000]
Native frames: (J=compiled Java code, j=interpreted, Vv=VM code, C=native code)
V  [jvm.dll+0x626eaa]
V  [jvm.dll+0x772c4a]
V  [jvm.dll+0x7743ff]
V  [jvm.dll+0x774a03]
V  [jvm.dll+0x24da38]
V  [jvm.dll+0xc3d16]
V  [jvm.dll+0xc406c]
V  [jvm.dll+0x16dd43]
V  [jvm.dll+0x16de07]
V  [jvm.dll+0x1706f9]
V  [jvm.dll+0x172141]
V  [jvm.dll+0x12be85]
V  [jvm.dll+0x12b6ff]
V  [jvm.dll+0x12b92f]
V  [jvm.dll+0x12abc7]
V  [jvm.dll+0x12cae7]
V  [jvm.dll+0x2159bd]
V  [jvm.dll+0x213e6b]
V  [jvm.dll+0x738af6]
V  [jvm.dll+0x731bea]
V  [jvm.dll+0x6260a6]
C  [ucrtbase.dll+0x1cd70]
C  [KERNEL32.DLL+0x8364]
C  [ntdll.dll+0x67091]


---------------  P R O C E S S  ---------------

Threads class SMR info:
_java_thread_list=0x000001d63c9a73c0, length=10, elements={
0x000001d620f34800, 0x000001d63c6ca800, 0x000001d63c6c1800, 0x000001d63c6e9800,
0x000001d63c6eb800, 0x000001d63c6f2800, 0x000001d63c6f7000, 0x000001d63c6f8800,
0x000001d63c98d000, 0x000001d63c9a7800
}

Java Threads: ( => current thread )
  0x000001d620f34800 JavaThread "main" [_thread_in_vm, id=2204, stack(0x0000006acb800000,0x0000006acb900000)]
  0x000001d63c6ca800 JavaThread "Reference Handler" daemon [_thread_blocked, id=5784, stack(0x0000006acbf00000,0x0000006acc000000)]
  0x000001d63c6c1800 JavaThread "Finalizer" daemon [_thread_blocked, id=1040, stack(0x0000006acc000000,0x0000006acc100000)]
  0x000001d63c6e9800 JavaThread "Signal Dispatcher" daemon [_thread_blocked, id=1984, stack(0x0000006acc100000,0x0000006acc200000)]
  0x000001d63c6eb800 JavaThread "Attach Listener" daemon [_thread_blocked, id=6608, stack(0x0000006acc200000,0x0000006acc300000)]
  0x000001d63c6f2800 JavaThread "C2 CompilerThread0" daemon [_thread_in_native, id=4720, stack(0x0000006acc300000,0x0000006acc400000)]
=>0x000001d63c6f7000 JavaThread "C1 CompilerThread0" daemon [_thread_in_native, id=4872, stack(0x0000006acc400000,0x0000006acc500000)]
  0x000001d63c6f8800 JavaThread "Sweeper thread" daemon [_thread_blocked, id=4532, stack(0x0000006acc500000,0x0000006acc600000)]
  0x000001d63c98d000 JavaThread "Service Thread" daemon [_thread_blocked, id=512, stack(0x0000006acc600000,0x0000006acc700000)]
  0x000001d63c9a7800 JavaThread "Common-Cleaner" daemon [_thread_blocked, id=476, stack(0x0000006acc800000,0x0000006acc900000)]

Other Threads:
  0x000001d63c6a3000 VMThread "VM Thread" [stack: 0x0000006acbe00000,0x0000006acbf00000] [id=3584]
  0x000001d63c99f800 WatcherThread [stack: 0x0000006acc700000,0x0000006acc800000] [id=1716]
  0x000001d620f58000 GCTaskThread "GC Thread#0" [stack: 0x0000006acb900000,0x0000006acba00000] [id=3088]
  0x000001d620f5f800 ConcurrentGCThread "G1 Main Marker" [stack: 0x0000006acba00000,0x0000006acbb00000] [id=4732]
  0x000001d620f61000 ConcurrentGCThread "G1 Conc#0" [stack: 0x0000006acbb00000,0x0000006acbc00000] [id=3768]
  0x000001d620f9e000 ConcurrentGCThread "G1 Refine#0" [stack: 0x0000006acbc00000,0x0000006acbd00000] [id=4500]
  0x000001d620fa0000 ConcurrentGCThread "G1 Young RemSet Sampling" [stack: 0x0000006acbd00000,0x0000006acbe00000] [id=4640]

Threads with active compile tasks:
C2 CompilerThread0      594  126       4       java.lang.String::charAt (25 bytes)
C1 CompilerThread0      594  125       3       jdk.internal.jimage.ImageStringsReader::unmaskedHashCode (173 bytes)

VM state:not at safepoint (normal execution)

VM Mutex/Monitor currently owned by a thread: None

Heap address: 0x00000000e1200000, size: 494 MB, Compressed Oops mode: 32-bit
Narrow klass base: 0x0000000000000000, Narrow klass shift: 3
Compressed class space size: 1073741824 Address: 0x0000000100000000

Heap:
 garbage-first heap   total 32768K, used 1024K [0x00000000e1200000, 0x0000000100000000)
  region size 1024K, 2 young (2048K), 0 survivors (0K)
 Metaspace       used 5743K, capacity 5837K, committed 6016K, reserved 1064960K
  class space    used 515K, capacity 555K, committed 640K, reserved 1048576K
Heap Regions: E=young(eden), S=young(survivor), O=old, HS=humongous(starts), HC=humongous(continues), CS=collection set, F=free, A=archive, TAMS=top-at-mark-start (previous, next)
|   0|0x00000000e1200000, 0x00000000e1200000, 0x00000000e1300000|  0%| F|  |TAMS 0x00000000e1200000, 0x00000000e1200000| Untracked 
|   1|0x00000000e1300000, 0x00000000e1300000, 0x00000000e1400000|  0%| F|  |TAMS 0x00000000e1300000, 0x00000000e1300000| Untracked 
|   2|0x00000000e1400000, 0x00000000e1400000, 0x00000000e1500000|  0%| F|  |TAMS 0x00000000e1400000, 0x00000000e1400000| Untracked 
|   3|0x00000000e1500000, 0x00000000e1500000, 0x00000000e1600000|  0%| F|  |TAMS 0x00000000e1500000, 0x00000000e1500000| Untracked 
|   4|0x00000000e1600000, 0x00000000e1600000, 0x00000000e1700000|  0%| F|  |TAMS 0x00000000e1600000, 0x00000000e1600000| Untracked 
|   5|0x00000000e1700000, 0x00000000e1700000, 0x00000000e1800000|  0%| F|  |TAMS 0x00000000e1700000, 0x00000000e1700000| Untracked 
|   6|0x00000000e1800000, 0x00000000e1800000, 0x00000000e1900000|  0%| F|  |TAMS 0x00000000e1800000, 0x00000000e1800000| Untracked 
|   7|0x00000000e1900000, 0x00000000e1900000, 0x00000000e1a00000|  0%| F|  |TAMS 0x00000000e1900000, 0x00000000e1900000| Untracked 
|   8|0x00000000e1a00000, 0x00000000e1a00000, 0x00000000e1b00000|  0%| F|  |TAMS 0x00000000e1a00000, 0x00000000e1a00000| Untracked 
|   9|0x00000000e1b00000, 0x00000000e1b00000, 0x00000000e1c00000|  0%| F|  |TAMS 0x00000000e1b00000, 0x00000000e1b00000| Untracked 
|  10|0x00000000e1c00000, 0x00000000e1c00000, 0x00000000e1d00000|  0%| F|  |TAMS 0x00000000e1c00000, 0x00000000e1c00000| Untracked 
|  11|0x00000000e1d00000, 0x00000000e1d00000, 0x00000000e1e00000|  0%| F|  |TAMS 0x00000000e1d00000, 0x00000000e1d00000| Untracked 
|  12|0x00000000e1e00000, 0x00000000e1e00000, 0x00000000e1f00000|  0%| F|  |TAMS 0x00000000e1e00000, 0x00000000e1e00000| Untracked 
|  13|0x00000000e1f00000, 0x00000000e1f00000, 0x00000000e2000000|  0%| F|  |TAMS 0x00000000e1f00000, 0x00000000e1f00000| Untracked 
|  14|0x00000000e2000000, 0x00000000e2000000, 0x00000000e2100000|  0%| F|  |TAMS 0x00000000e2000000, 0x00000000e2000000| Untracked 
|  15|0x00000000e2100000, 0x00000000e2100000, 0x00000000e2200000|  0%| F|  |TAMS 0x00000000e2100000, 0x00000000e2100000| Untracked 
|  16|0x00000000e2200000, 0x00000000e2200000, 0x00000000e2300000|  0%| F|  |TAMS 0x00000000e2200000, 0x00000000e2200000| Untracked 
|  17|0x00000000e2300000, 0x00000000e2300000, 0x00000000e2400000|  0%| F|  |TAMS 0x00000000e2300000, 0x00000000e2300000| Untracked 
|  18|0x00000000e2400000, 0x00000000e2400000, 0x00000000e2500000|  0%| F|  |TAMS 0x00000000e2400000, 0x00000000e2400000| Untracked 
|  19|0x00000000e2500000, 0x00000000e2500000, 0x00000000e2600000|  0%| F|  |TAMS 0x00000000e2500000, 0x00000000e2500000| Untracked 
|  20|0x00000000e2600000, 0x00000000e2600000, 0x00000000e2700000|  0%| F|  |TAMS 0x00000000e2600000, 0x00000000e2600000| Untracked 
|  21|0x00000000e2700000, 0x00000000e2700000, 0x00000000e2800000|  0%| F|  |TAMS 0x00000000e2700000, 0x00000000e2700000| Untracked 
|  22|0x00000000e2800000, 0x00000000e2800000, 0x00000000e2900000|  0%| F|  |TAMS 0x00000000e2800000, 0x00000000e2800000| Untracked 
|  23|0x00000000e2900000, 0x00000000e2900000, 0x00000000e2a00000|  0%| F|  |TAMS 0x00000000e2900000, 0x00000000e2900000| Untracked 
|  24|0x00000000e2a00000, 0x00000000e2a00000, 0x00000000e2b00000|  0%| F|  |TAMS 0x00000000e2a00000, 0x00000000e2a00000| Untracked 
|  25|0x00000000e2b00000, 0x00000000e2b00000, 0x00000000e2c00000|  0%| F|  |TAMS 0x00000000e2b00000, 0x00000000e2b00000| Untracked 
|  26|0x00000000e2c00000, 0x00000000e2c00000, 0x00000000e2d00000|  0%| F|  |TAMS 0x00000000e2c00000, 0x00000000e2c00000| Untracked 
|  27|0x00000000e2d00000, 0x00000000e2d00000, 0x00000000e2e00000|  0%| F|  |TAMS 0x00000000e2d00000, 0x00000000e2d00000| Untracked 
|  28|0x00000000e2e00000, 0x00000000e2e00000, 0x00000000e2f00000|  0%| F|  |TAMS 0x00000000e2e00000, 0x00000000e2e00000| Untracked 
|  29|0x00000000e2f00000, 0x00000000e2f00000, 0x00000000e3000000|  0%| F|  |TAMS 0x00000000e2f00000, 0x00000000e2f00000| Untracked 
|  30|0x00000000e3000000, 0x00000000e3048300, 0x00000000e3100000| 28%| E|  |TAMS 0x00000000e3000000, 0x00000000e3000000| Complete 
|  31|0x00000000e3100000, 0x00000000e3200000, 0x00000000e3200000|100%| E|CS|TAMS 0x00000000e3100000, 0x00000000e3100000| Complete 

Card table byte_map: [0x000001d638760000,0x000001d638860000] _byte_map_base: 0x000001d638057000

Marking Bits (Prev, Next): (CMBitMap*) 0x000001d620f58c68, (CMBitMap*) 0x000001d620f58ca8
 Prev Bits: [0x000001d638960000, 0x000001d639118000)
 Next Bits: [0x000001d639120000, 0x000001d6398d8000)

Polling page: 0x000001d6206b0000

Metaspace:

Usage:
  Non-class:      5.16 MB capacity,     5.11 MB ( 99%) used,    51.28 KB ( <1%) free+waste,     1.81 KB ( <1%) overhead. 
      Class:    555.00 KB capacity,   515.08 KB ( 93%) used,    39.17 KB (  7%) free+waste,   768 bytes ( <1%) overhead. 
       Both:      5.70 MB capacity,     5.61 MB ( 98%) used,    90.45 KB (  2%) free+waste,     2.56 KB ( <1%) overhead. 

Virtual space:
  Non-class space:       16.00 MB reserved,       5.25 MB ( 33%) committed 
      Class space:        1.00 GB reserved,     640.00 KB ( <1%) committed 
             Both:        1.02 GB reserved,       5.88 MB ( <1%) committed 

Chunk freelists:
   Non-Class:  30.00 KB
       Class:  21.00 KB
        Both:  51.00 KB

MaxMetaspaceSize: 17179869184.00 GB
CompressedClassSpaceSize: 1.00 GB

CodeHeap 'non-profiled nmethods': size=120064Kb used=33Kb max_used=33Kb free=120031Kb
 bounds [0x000001d630f00000, 0x000001d631170000, 0x000001d638440000]
CodeHeap 'profiled nmethods': size=120000Kb used=152Kb max_used=152Kb free=119847Kb
 bounds [0x000001d6299d0000, 0x000001d629c40000, 0x000001d630f00000]
CodeHeap 'non-nmethods': size=5696Kb used=1090Kb max_used=1096Kb free=4605Kb
 bounds [0x000001d629440000, 0x000001d6296b0000, 0x000001d6299d0000]
 total_blobs=752 nmethods=124 adapters=231
 compilation: enabled
              stopped_count=0, restarted_count=0
 full_count=0

Compilation events (20 events):
Event: 0.521 Thread 0x000001d63c6f7000  115       3       java.lang.ref.Reference::reachabilityFence (1 bytes)
Event: 0.521 Thread 0x000001d63c6f7000 nmethod 115 0x000001d6299f3e10 code [0x000001d6299f3fa0, 0x000001d6299f40d8]
Event: 0.521 Thread 0x000001d63c6f7000  116       3       java.nio.Buffer::hasRemaining (17 bytes)
Event: 0.521 Thread 0x000001d63c6f7000 nmethod 116 0x000001d6299f4190 code [0x000001d6299f4340, 0x000001d6299f44f8]
Event: 0.521 Thread 0x000001d63c6f7000  117       3       java.util.concurrent.ConcurrentHashMap::setTabAt (20 bytes)
Event: 0.522 Thread 0x000001d63c6f7000 nmethod 117 0x000001d6299f4590 code [0x000001d6299f4740, 0x000001d6299f4a18]
Event: 0.522 Thread 0x000001d63c6f7000  122       3       jdk.internal.misc.Unsafe::getByte (7 bytes)
Event: 0.522 Thread 0x000001d63c6f7000 nmethod 122 0x000001d6299f4b10 code [0x000001d6299f4cc0, 0x000001d6299f4e38]
Event: 0.522 Thread 0x000001d63c6f7000  119   !   3       java.nio.DirectByteBuffer::get (28 bytes)
Event: 0.523 Thread 0x000001d63c6f7000 nmethod 119 0x000001d6299f4f10 code [0x000001d6299f5100, 0x000001d6299f5550]
Event: 0.523 Thread 0x000001d63c6f7000  120       3       java.nio.Buffer::nextGetIndex (31 bytes)
Event: 0.523 Thread 0x000001d63c6f7000 nmethod 120 0x000001d6299f5790 code [0x000001d6299f5940, 0x000001d6299f5b70]
Event: 0.523 Thread 0x000001d63c6f7000  121       3       java.nio.DirectByteBuffer::ix (10 bytes)
Event: 0.524 Thread 0x000001d63c6f7000 nmethod 121 0x000001d6299f5c10 code [0x000001d6299f5da0, 0x000001d6299f5f18]
Event: 0.524 Thread 0x000001d63c6f7000  118       3       java.util.Optional::orElse (16 bytes)
Event: 0.524 Thread 0x000001d63c6f7000 nmethod 118 0x000001d6299f5f90 code [0x000001d6299f6140, 0x000001d6299f62f8]
Event: 0.524 Thread 0x000001d63c6f7000  124       1       java.nio.Buffer::limit (5 bytes)
Event: 0.524 Thread 0x000001d63c6f7000 nmethod 124 0x000001d630f08110 code [0x000001d630f082a0, 0x000001d630f083b8]
Event: 0.524 Thread 0x000001d63c6f2800  126       4       java.lang.String::charAt (25 bytes)
Event: 0.524 Thread 0x000001d63c6f7000  125       3       jdk.internal.jimage.ImageStringsReader::unmaskedHashCode (173 bytes)

GC Heap History (0 events):
No events

Deoptimization events (4 events):
Event: 0.325 Thread 0x000001d620f34800 Uncommon trap: trap_request=0xffffff45 fr.pc=0x000001d630f04730 relative=0x0000000000000190
Event: 0.325 Thread 0x000001d620f34800 Uncommon trap: reason=unstable_if action=reinterpret pc=0x000001d630f04730 method=java.lang.String.hashCode()I @ 42 c2
Event: 0.325 Thread 0x000001d620f34800 DEOPT PACKING pc=0x000001d630f04730 sp=0x0000006acb8fdf70
Event: 0.325 Thread 0x000001d620f34800 DEOPT UNPACKING pc=0x000001d629489429 sp=0x0000006acb8fdf08 mode 2

Classes unloaded (0 events):
No events

Classes redefined (0 events):
No events

Internal exceptions (0 events):
No events

Events (20 events):
Event: 0.517 loading class java/nio/DirectByteBufferR
Event: 0.517 loading class java/nio/DirectByteBufferR done
Event: 0.517 loading class java/nio/DirectIntBufferRU
Event: 0.517 loading class java/nio/DirectIntBufferRU done
Event: 0.518 loading class jdk/internal/jimage/ImageStringsReader
Event: 0.518 loading class jdk/internal/jimage/ImageStrings
Event: 0.518 loading class jdk/internal/jimage/ImageStrings done
Event: 0.518 loading class jdk/internal/jimage/ImageStringsReader done
Event: 0.518 loading class jdk/internal/jimage/decompressor/Decompressor
Event: 0.518 loading class jdk/internal/jimage/decompressor/Decompressor done
Event: 0.519 loading class jdk/internal/jimage/ImageLocation
Event: 0.519 loading class jdk/internal/jimage/ImageLocation done
Event: 0.522 loading class java/util/Collections$EmptyIterator
Event: 0.523 loading class java/util/Collections$EmptyIterator done
Event: 0.523 loading class java/util/Collections$EmptyEnumeration
Event: 0.523 loading class java/util/Collections$EmptyEnumeration done
Event: 0.523 loading class jdk/internal/loader/BuiltinClassLoader$1
Event: 0.523 loading class jdk/internal/loader/BuiltinClassLoader$1 done
Event: 0.525 loading class java/lang/CompoundEnumeration
Event: 0.525 loading class java/lang/CompoundEnumeration done


Dynamic libraries:
0x00007ff6fcd80000 - 0x00007ff6fcd8f000 	C:\Program Files\Java\jdk-13\bin\javaw.exe
0x00007ffb0bd40000 - 0x00007ffb0bf12000 	C:\WINDOWS\SYSTEM32\ntdll.dll
0x00007ffb0b180000 - 0x00007ffb0b22c000 	C:\WINDOWS\System32\KERNEL32.DLL
0x00007ffb08390000 - 0x00007ffb085ad000 	C:\WINDOWS\System32\KERNELBASE.dll
0x00007ffb08290000 - 0x00007ffb08385000 	C:\WINDOWS\System32\ucrtbase.dll
0x00007ffafa8c0000 - 0x00007ffafa8d8000 	C:\Program Files\Java\jdk-13\bin\jli.dll
0x00007ffb02ee0000 - 0x00007ffb02ef5000 	C:\Program Files\Java\jdk-13\bin\VCRUNTIME140.dll
0x00007ffb0ae00000 - 0x00007ffb0aea2000 	C:\WINDOWS\System32\ADVAPI32.dll
0x00007ffb097b0000 - 0x00007ffb0984e000 	C:\WINDOWS\System32\msvcrt.dll
0x00007ffb0af10000 - 0x00007ffb0af69000 	C:\WINDOWS\System32\sechost.dll
0x00007ffb0b950000 - 0x00007ffb0ba71000 	C:\WINDOWS\System32\RPCRT4.dll
0x00007ffb0af70000 - 0x00007ffb0b0d5000 	C:\WINDOWS\System32\USER32.dll
0x00007ffb08e00000 - 0x00007ffb08e1e000 	C:\WINDOWS\System32\win32u.dll
0x00007ffb0b910000 - 0x00007ffb0b944000 	C:\WINDOWS\System32\GDI32.dll
0x00007ffb09150000 - 0x00007ffb092d0000 	C:\WINDOWS\System32\gdi32full.dll
0x00007ffafdfd0000 - 0x00007ffafe24a000 	C:\WINDOWS\WinSxS\amd64_microsoft.windows.common-controls_6595b64144ccf1df_6.0.14393.953_none_42151e83c686086b\COMCTL32.dll
0x00007ffb09470000 - 0x00007ffb09738000 	C:\WINDOWS\System32\combase.dll
0x00007ffb08d90000 - 0x00007ffb08dfa000 	C:\WINDOWS\System32\bcryptPrimitives.dll
0x00007ffaf99d0000 - 0x00007ffaf99da000 	C:\WINDOWS\SYSTEM32\VERSION.dll
0x00007ffb0b150000 - 0x00007ffb0b17e000 	C:\WINDOWS\System32\IMM32.DLL
0x00007ffae8110000 - 0x00007ffae81ab000 	C:\Program Files\Java\jdk-13\bin\msvcp140.dll
0x00007ffae0090000 - 0x00007ffae0bf6000 	C:\Program Files\Java\jdk-13\bin\server\jvm.dll
0x00007ffb0bc30000 - 0x00007ffb0bc38000 	C:\WINDOWS\System32\PSAPI.DLL
0x00007ffb04b30000 - 0x00007ffb04b39000 	C:\WINDOWS\SYSTEM32\WSOCK32.dll
0x00007ffb061a0000 - 0x00007ffb061c3000 	C:\WINDOWS\SYSTEM32\WINMM.dll
0x00007ffb0b0e0000 - 0x00007ffb0b14a000 	C:\WINDOWS\System32\WS2_32.dll
0x000001d6206e0000 - 0x000001d62070b000 	C:\WINDOWS\SYSTEM32\WINMMBASE.dll
0x00007ffb08240000 - 0x00007ffb08282000 	C:\WINDOWS\System32\cfgmgr32.dll
0x00007ffb081e0000 - 0x00007ffb081ef000 	C:\WINDOWS\System32\kernel.appcore.dll
0x00007ffb05960000 - 0x00007ffb05970000 	C:\Program Files\Java\jdk-13\bin\verify.dll
0x00007ffb04870000 - 0x00007ffb04a02000 	C:\WINDOWS\SYSTEM32\DBGHELP.DLL
0x00007ffaf5690000 - 0x00007ffaf56b9000 	C:\WINDOWS\SYSTEM32\dbgcore.DLL
0x00007ffafd980000 - 0x00007ffafd9a6000 	C:\Program Files\Java\jdk-13\bin\java.dll
0x00007ffafbf90000 - 0x00007ffafbfa7000 	C:\Program Files\Java\jdk-13\bin\zip.dll
0x00007ffb04f10000 - 0x00007ffb04f1a000 	C:\Program Files\Java\jdk-13\bin\jimage.dll
0x00007ffb098f0000 - 0x00007ffb0adf9000 	C:\WINDOWS\System32\SHELL32.dll
0x00007ffb08610000 - 0x00007ffb08ce9000 	C:\WINDOWS\System32\windows.storage.dll
0x00007ffb081f0000 - 0x00007ffb0823c000 	C:\WINDOWS\System32\powrprof.dll
0x00007ffb0bb70000 - 0x00007ffb0bbc2000 	C:\WINDOWS\System32\shlwapi.dll
0x00007ffb08ff0000 - 0x00007ffb09099000 	C:\WINDOWS\System32\shcore.dll
0x00007ffb081b0000 - 0x00007ffb081c4000 	C:\WINDOWS\System32\profapi.dll

dbghelp: loaded successfully - version: 4.0.5 - missing functions: none
symbol engine: initialized successfully - sym options: 0x614 - pdb path: .;C:\Program Files\Java\jdk-13\bin;C:\WINDOWS\SYSTEM32;C:\WINDOWS\WinSxS\amd64_microsoft.windows.common-controls_6595b64144ccf1df_6.0.14393.953_none_42151e83c686086b;C:\Program Files\Java\jdk-13\bin\server

VM Arguments:
jvm_args: -Dfile.encoding=Cp1252 
java_command: WelcomeInterface
java_class_path (initial): C:\Users\Lionnel MOFFO\Documents\ProjetsJava\BankAccountsManagementSystem\Logiciel\bin
Launcher Type: SUN_STANDARD

[Global flags]
     intx CICompilerCount                          = 3                                         {product} {ergonomic}
     uint ConcGCThreads                            = 1                                         {product} {ergonomic}
     uint G1ConcRefinementThreads                  = 4                                         {product} {ergonomic}
   size_t G1HeapRegionSize                         = 1048576                                   {product} {ergonomic}
    uintx GCDrainStackTargetSize                   = 64                                        {product} {ergonomic}
   size_t InitialHeapSize                          = 33554432                                  {product} {ergonomic}
   size_t MarkStackSize                            = 4194304                                   {product} {ergonomic}
   size_t MaxHeapSize                              = 517996544                                 {product} {ergonomic}
   size_t MaxNewSize                               = 310378496                                 {product} {ergonomic}
   size_t MinHeapDeltaBytes                        = 1048576                                   {product} {ergonomic}
   size_t MinHeapSize                              = 8388608                                   {product} {ergonomic}
    uintx NonNMethodCodeHeapSize                   = 5830732                                {pd product} {ergonomic}
    uintx NonProfiledCodeHeapSize                  = 122913754                              {pd product} {ergonomic}
    uintx ProfiledCodeHeapSize                     = 122913754                              {pd product} {ergonomic}
    uintx ReservedCodeCacheSize                    = 251658240                              {pd product} {ergonomic}
     bool SegmentedCodeCache                       = true                                      {product} {ergonomic}
   size_t SoftMaxHeapSize                          = 517996544                              {manageable} {ergonomic}
     bool UseCompressedClassPointers               = true                                 {lp64_product} {ergonomic}
     bool UseCompressedOops                        = true                                 {lp64_product} {ergonomic}
     bool UseG1GC                                  = true                                      {product} {ergonomic}
     bool UseLargePagesIndividualAllocation        = false                                  {pd product} {ergonomic}

Logging:
Log output configuration:
 #0: stdout all=warning uptime,level,tags
 #1: stderr all=off uptime,level,tags

Environment Variables:
PATH=C:/Program Files/Java/jdk-13/bin/server;C:/Program Files/Java/jdk-13/bin;C:\Program Files (x86)\Common Files\Oracle\Java\javapath;C:\ProgramData\Oracle\Java\javapath;C:\WINDOWS\system32;C:\WINDOWS;C:\Program Files\Java\jdk-13\bin;C:\WINDOWS\System32\Wbem;C:\WINDOWS\System32\WindowsPowerShell\v1.0\;C:\Program Files (x86)\CodeBlocks\MinGW\bin;C:\Program Files\Git\cmd;C:\Program Files\Java\jdk-13\bin;C:\Program Files (x86)\Java\jre1.8.0_51\bin;C:\Program Files (x86)\CodeBlocks\MinGW\bin;C:\Users\Lionnel MOFFO\eclipse\java-2019-094\eclipse;
USERNAME=Lionnel MOFFO
OS=Windows_NT
PROCESSOR_IDENTIFIER=Intel64 Family 6 Model 76 Stepping 4, GenuineIntel



---------------  S Y S T E M  ---------------

OS: Windows 10 , 64 bit Build 14393 (10.0.14393.2189)

CPU:total 4 (initial active 4) (4 cores per cpu, 1 threads per core) family 6 model 76 stepping 4, cmov, cx8, fxsr, mmx, sse, sse2, sse3, ssse3, sse4.1, sse4.2, popcnt, aes, clmul, erms, 3dnowpref, tsc, tscinvbit

Memory: 4k page, system-wide physical 1972M (352M free)
TotalPageFile size 4974M (AvailPageFile size 0M)
current process WorkingSet (physical memory assigned to process): 28M, peak: 28M
current process commit charge ("private bytes"): 96M, peak: 96M

vm_info: Java HotSpot(TM) 64-Bit Server VM (13+33) for windows-amd64 JRE (13+33), built on Sep 18 2019 21:38:00 by "mach5one" with unknown MS VC++:1916

END.
