#
# There is insufficient memory for the Java Runtime Environment to continue.
# Native memory allocation (mmap) failed to map 33554432 bytes for Failed to commit area from 0x00000000e1200000 to 0x00000000e3200000 of length 33554432.
# Possible reasons:
#   The system is out of physical RAM or swap space
#   The process is running with CompressedOops enabled, and the Java Heap may be blocking the growth of the native heap
# Possible solutions:
#   Reduce memory load on the system
#   Increase physical memory or swap space
#   Check if swap backing store is full
#   Decrease Java heap size (-Xmx/-Xms)
#   Decrease number of Java threads
#   Decrease Java thread stack sizes (-Xss)
#   Set larger code cache with -XX:ReservedCodeCacheSize=
# This output file may be truncated or incomplete.
#
#  Out of Memory Error (t:/workspace/open/src/hotspot/os/windows/os_windows.cpp:3301), pid=3748, tid=2460
#
# JRE version:  (13.0+33) (build )
# Java VM: Java HotSpot(TM) 64-Bit Server VM (13+33, mixed mode, aot, sharing, tiered, compressed oops, g1 gc, windows-amd64)
# No core dump will be written. Minidumps are not enabled by default on client versions of Windows
#

---------------  S U M M A R Y ------------

Command Line: -Dfile.encoding=Cp1252 WelcomeInterface

Host: Intel(R) Atom(TM) x5-Z8350  CPU @ 1.44GHz, 4 cores, 1G,  Windows 10 , 64 bit Build 14393 (10.0.14393.2189)
Time: Tue Oct 22 20:36:06 2019 Afr. centrale Ouest elapsed time: 0 seconds (0d 0h 0m 0s)

---------------  T H R E A D  ---------------

Current thread (0x000002523c1f0000):  JavaThread "Unknown thread" [_thread_in_vm, id=2460, stack(0x00000095e5200000,0x00000095e5300000)]

Stack: [0x00000095e5200000,0x00000095e5300000]
Native frames: (J=compiled Java code, j=interpreted, Vv=VM code, C=native code)
V  [jvm.dll+0x626eaa]
V  [jvm.dll+0x772c4a]
V  [jvm.dll+0x7743ff]
V  [jvm.dll+0x774a03]
V  [jvm.dll+0x24da38]
V  [jvm.dll+0x62436a]
V  [jvm.dll+0x618f55]
V  [jvm.dll+0x30c5fc]
V  [jvm.dll+0x30c432]
V  [jvm.dll+0x311ba6]
V  [jvm.dll+0x355cc6]
V  [jvm.dll+0x3554a0]
V  [jvm.dll+0x2e727a]
V  [jvm.dll+0x2e8512]
V  [jvm.dll+0x74fcb8]
V  [jvm.dll+0x363719]
V  [jvm.dll+0x732da5]
V  [jvm.dll+0x3ce2cf]
V  [jvm.dll+0x3d05f1]
C  [jli.dll+0x51ff]
C  [ucrtbase.dll+0x1cd70]
C  [KERNEL32.DLL+0x8364]
C  [ntdll.dll+0x67091]


---------------  P R O C E S S  ---------------

Threads class SMR info:
_java_thread_list=0x00007ffae0b546b8, length=0, elements={
}

Java Threads: ( => current thread )

Other Threads:
  0x000002523c216000 GCTaskThread "GC Thread#0" [stack: 0x00000095e5300000,0x00000095e5400000] [id=32]
  0x000002523c21d000 ConcurrentGCThread "G1 Main Marker" [stack: 0x00000095e5400000,0x00000095e5500000] [id=5848]
  0x000002523c21e800 ConcurrentGCThread "G1 Conc#0" [stack: 0x00000095e5500000,0x00000095e5600000] [id=3512]

[error occurred during error reporting (printing all threads), id 0xc0000005, EXCEPTION_ACCESS_VIOLATION (0xc0000005) at pc=0x00007ffae0386f47]

VM state:not at safepoint (not fully initialized)

VM Mutex/Monitor currently owned by a thread:  ([mutex/lock_event])
[0x000002523c1ead90] Heap_lock - owner thread: 0x000002523c1f0000

Heap address: 0x00000000e1200000, size: 494 MB, Compressed Oops mode: Non-zero based: 0x00000000e1200000
Narrow klass base: 0x0000000000000000, Narrow klass shift: 0

GC Heap History (0 events):
No events

Deoptimization events (0 events):
No events

Classes unloaded (0 events):
No events

Classes redefined (0 events):
No events

Internal exceptions (0 events):
No events

Events (8 events):
Event: 0.021 Loaded shared library C:\Program Files\Java\jdk-13\bin\zip.dll
Event: 0.023 Loaded shared library C:\Program Files\Java\jdk-13\bin\jimage.dll
Event: 0.026 Loading shared library C:\Program Files\Java\jdk-13\lib\libjava.base-coop.dll failed, error code 126
Event: 0.026 Loading shared library C:\Program Files\Java\jdk-13\lib\libjava.logging-coop.dll failed, error code 126
Event: 0.026 Loading shared library C:\Program Files\Java\jdk-13\lib\libjdk.compiler-coop.dll failed, error code 126
Event: 0.026 Loading shared library C:\Program Files\Java\jdk-13\lib\libjdk.scripting.nashorn-coop.dll failed, error code 126
Event: 0.026 Loading shared library C:\Program Files\Java\jdk-13\lib\libjdk.internal.vm.ci-coop.dll failed, error code 126
Event: 0.027 Loading shared library C:\Program Files\Java\jdk-13\lib\libjdk.internal.vm.compiler-coop.dll failed, error code 126


Dynamic libraries:
0x00007ff6fcd80000 - 0x00007ff6fcd8f000 	C:\Program Files\Java\jdk-13\bin\javaw.exe
0x00007ffb0bd40000 - 0x00007ffb0bf12000 	C:\WINDOWS\SYSTEM32\ntdll.dll
0x00007ffb0b180000 - 0x00007ffb0b22c000 	C:\WINDOWS\System32\KERNEL32.DLL
0x00007ffb08390000 - 0x00007ffb085ad000 	C:\WINDOWS\System32\KERNELBASE.dll
0x00007ffb08290000 - 0x00007ffb08385000 	C:\WINDOWS\System32\ucrtbase.dll
0x00007ffafa8c0000 - 0x00007ffafa8d8000 	C:\Program Files\Java\jdk-13\bin\jli.dll
0x00007ffb02ee0000 - 0x00007ffb02ef5000 	C:\Program Files\Java\jdk-13\bin\VCRUNTIME140.dll
0x00007ffb0ae00000 - 0x00007ffb0aea2000 	C:\WINDOWS\System32\ADVAPI32.dll
0x00007ffb097b0000 - 0x00007ffb0984e000 	C:\WINDOWS\System32\msvcrt.dll
0x00007ffb0af10000 - 0x00007ffb0af69000 	C:\WINDOWS\System32\sechost.dll
0x00007ffb0b950000 - 0x00007ffb0ba71000 	C:\WINDOWS\System32\RPCRT4.dll
0x00007ffb0af70000 - 0x00007ffb0b0d5000 	C:\WINDOWS\System32\USER32.dll
0x00007ffb08e00000 - 0x00007ffb08e1e000 	C:\WINDOWS\System32\win32u.dll
0x00007ffb0b910000 - 0x00007ffb0b944000 	C:\WINDOWS\System32\GDI32.dll
0x00007ffafdfd0000 - 0x00007ffafe24a000 	C:\WINDOWS\WinSxS\amd64_microsoft.windows.common-controls_6595b64144ccf1df_6.0.14393.953_none_42151e83c686086b\COMCTL32.dll
0x00007ffb09150000 - 0x00007ffb092d0000 	C:\WINDOWS\System32\gdi32full.dll
0x00007ffb09470000 - 0x00007ffb09738000 	C:\WINDOWS\System32\combase.dll
0x00007ffb08d90000 - 0x00007ffb08dfa000 	C:\WINDOWS\System32\bcryptPrimitives.dll
0x00007ffaf99d0000 - 0x00007ffaf99da000 	C:\WINDOWS\SYSTEM32\VERSION.dll
0x00007ffb0b150000 - 0x00007ffb0b17e000 	C:\WINDOWS\System32\IMM32.DLL
0x00007ffae8110000 - 0x00007ffae81ab000 	C:\Program Files\Java\jdk-13\bin\msvcp140.dll
0x00007ffae0090000 - 0x00007ffae0bf6000 	C:\Program Files\Java\jdk-13\bin\server\jvm.dll
0x00007ffb0bc30000 - 0x00007ffb0bc38000 	C:\WINDOWS\System32\PSAPI.DLL
0x00007ffb04b30000 - 0x00007ffb04b39000 	C:\WINDOWS\SYSTEM32\WSOCK32.dll
0x00007ffb061a0000 - 0x00007ffb061c3000 	C:\WINDOWS\SYSTEM32\WINMM.dll
0x00007ffb0b0e0000 - 0x00007ffb0b14a000 	C:\WINDOWS\System32\WS2_32.dll
0x000002523a250000 - 0x000002523a27b000 	C:\WINDOWS\SYSTEM32\WINMMBASE.dll
0x00007ffb08240000 - 0x00007ffb08282000 	C:\WINDOWS\System32\cfgmgr32.dll
0x00007ffb081e0000 - 0x00007ffb081ef000 	C:\WINDOWS\System32\kernel.appcore.dll
0x00007ffb05960000 - 0x00007ffb05970000 	C:\Program Files\Java\jdk-13\bin\verify.dll
0x00007ffb04870000 - 0x00007ffb04a02000 	C:\WINDOWS\SYSTEM32\DBGHELP.DLL
0x00007ffaf5690000 - 0x00007ffaf56b9000 	C:\WINDOWS\SYSTEM32\dbgcore.DLL
0x00007ffafd980000 - 0x00007ffafd9a6000 	C:\Program Files\Java\jdk-13\bin\java.dll
0x00007ffafbf90000 - 0x00007ffafbfa7000 	C:\Program Files\Java\jdk-13\bin\zip.dll
0x00007ffb04f10000 - 0x00007ffb04f1a000 	C:\Program Files\Java\jdk-13\bin\jimage.dll

dbghelp: loaded successfully - version: 4.0.5 - missing functions: none
symbol engine: initialized successfully - sym options: 0x614 - pdb path: .;C:\Program Files\Java\jdk-13\bin;C:\WINDOWS\SYSTEM32;C:\WINDOWS\WinSxS\amd64_microsoft.windows.common-controls_6595b64144ccf1df_6.0.14393.953_none_42151e83c686086b;C:\Program Files\Java\jdk-13\bin\server

VM Arguments:
jvm_args: -Dfile.encoding=Cp1252 
java_command: WelcomeInterface
java_class_path (initial): C:\Users\Lionnel MOFFO\Documents\ProjetsJava\BankAccountsManagementSystem\Logiciel\bin
Launcher Type: SUN_STANDARD

[Global flags]
     intx CICompilerCount                          = 3                                         {product} {ergonomic}
     uint ConcGCThreads                            = 1                                         {product} {ergonomic}
     uint G1ConcRefinementThreads                  = 4                                         {product} {ergonomic}
   size_t G1HeapRegionSize                         = 1048576                                   {product} {ergonomic}
    uintx GCDrainStackTargetSize                   = 64                                        {product} {ergonomic}
   size_t InitialHeapSize                          = 33554432                                  {product} {ergonomic}
   size_t MarkStackSize                            = 4194304                                   {product} {ergonomic}
   size_t MaxHeapSize                              = 517996544                                 {product} {ergonomic}
   size_t MinHeapDeltaBytes                        = 1048576                                   {product} {ergonomic}
   size_t MinHeapSize                              = 8388608                                   {product} {ergonomic}
    uintx NonNMethodCodeHeapSize                   = 5830732                                {pd product} {ergonomic}
    uintx NonProfiledCodeHeapSize                  = 122913754                              {pd product} {ergonomic}
    uintx ProfiledCodeHeapSize                     = 122913754                              {pd product} {ergonomic}
    uintx ReservedCodeCacheSize                    = 251658240                              {pd product} {ergonomic}
     bool SegmentedCodeCache                       = true                                      {product} {ergonomic}
   size_t SoftMaxHeapSize                          = 517996544                              {manageable} {ergonomic}
     bool UseCompressedClassPointers               = true                                 {lp64_product} {ergonomic}
     bool UseCompressedOops                        = true                                 {lp64_product} {ergonomic}
     bool UseG1GC                                  = true                                      {product} {ergonomic}
     bool UseLargePagesIndividualAllocation        = false                                  {pd product} {ergonomic}

Logging:
Log output configuration:
 #0: stdout all=warning uptime,level,tags
 #1: stderr all=off uptime,level,tags

Environment Variables:
PATH=C:/Program Files/Java/jdk-13/bin/server;C:/Program Files/Java/jdk-13/bin;C:\Program Files (x86)\Common Files\Oracle\Java\javapath;C:\ProgramData\Oracle\Java\javapath;C:\WINDOWS\system32;C:\WINDOWS;C:\Program Files\Java\jdk-13\bin;C:\WINDOWS\System32\Wbem;C:\WINDOWS\System32\WindowsPowerShell\v1.0\;C:\Program Files (x86)\CodeBlocks\MinGW\bin;C:\Program Files\Git\cmd;C:\Program Files\Java\jdk-13\bin;C:\Program Files (x86)\Java\jre1.8.0_51\bin;C:\Program Files (x86)\CodeBlocks\MinGW\bin;C:\Users\Lionnel MOFFO\eclipse\java-2019-094\eclipse;
USERNAME=Lionnel MOFFO
OS=Windows_NT
PROCESSOR_IDENTIFIER=Intel64 Family 6 Model 76 Stepping 4, GenuineIntel



---------------  S Y S T E M  ---------------

OS: Windows 10 , 64 bit Build 14393 (10.0.14393.2189)

CPU:total 4 (initial active 4) (4 cores per cpu, 1 threads per core) family 6 model 76 stepping 4, cmov, cx8, fxsr, mmx, sse, sse2, sse3, ssse3, sse4.1, sse4.2, popcnt, aes, clmul, erms, 3dnowpref, tsc, tscinvbit

Memory: 4k page, system-wide physical 1972M (378M free)
TotalPageFile size 4973M (AvailPageFile size 13M)
current process WorkingSet (physical memory assigned to process): 10M, peak: 10M
current process commit charge ("private bytes"): 51M, peak: 83M

vm_info: Java HotSpot(TM) 64-Bit Server VM (13+33) for windows-amd64 JRE (13+33), built on Sep 18 2019 21:38:00 by "mach5one" with unknown MS VC++:1916

END.
